<?xml version="1.0" encoding="UTF-8"?>
<testng-results ignored="0" total="1" passed="1" failed="0" skipped="0">
  <reporter-output>
  </reporter-output>
  <suite started-at="2023-02-13T12:47:21 IST" name="Default suite" finished-at="2023-02-13T12:47:28 IST" duration-ms="7505">
    <groups>
    </groups>
    <test started-at="2023-02-13T12:47:21 IST" name="Default test" finished-at="2023-02-13T12:47:28 IST" duration-ms="7505">
      <class name="pageobject.Testcaseobject">
        <test-method signature="login()[pri:0, instance:pageobject.Testcaseobject@6eda5c9]" started-at="2023-02-13T12:47:21 IST" name="login" finished-at="2023-02-13T12:47:28 IST" duration-ms="7457" status="PASS">
          <reporter-output>
          </reporter-output>
        </test-method> <!-- login -->
      </class> <!-- pageobject.Testcaseobject -->
    </test> <!-- Default test -->
  </suite> <!-- Default suite -->
</testng-results>
